[0.091s] DEBUG:colcon:Command line arguments: ['/usr/bin/colcon', 'build', '--packages-select', 'laser_uav_px4_api']
[0.091s] DEBUG:colcon:Parsed command line arguments: Namespace(log_base=None, log_level=None, output_style=None, verb_name='build', build_base='build', install_base='install', merge_install=False, symlink_install=False, test_result_base=None, continue_on_error=False, executor='parallel', parallel_workers=16, event_handlers=None, ignore_user_meta=False, metas=['./colcon.meta'], base_paths=['.'], packages_ignore=None, packages_ignore_regex=None, paths=None, packages_up_to=None, packages_up_to_regex=None, packages_above=None, packages_above_and_dependencies=None, packages_above_depth=None, packages_select_by_dep=None, packages_skip_by_dep=None, packages_skip_up_to=None, packages_select_build_failed=False, packages_skip_build_finished=False, packages_select_test_failures=False, packages_skip_test_passed=False, packages_select=['laser_uav_px4_api'], packages_skip=None, packages_select_regex=None, packages_skip_regex=None, packages_start=None, packages_end=None, allow_overriding=[], cmake_args=None, cmake_target=None, cmake_target_skip_unavailable=False, cmake_clean_cache=False, cmake_clean_first=False, cmake_force_configure=False, ament_cmake_args=None, catkin_cmake_args=None, catkin_skip_building_tests=False, mixin_files=None, mixin=None, verb_parser=<colcon_mixin.mixin.mixin_argument.MixinArgumentDecorator object at 0x725f84d18e80>, verb_extension=<colcon_core.verb.build.BuildVerb object at 0x725f84d189d0>, main=<bound method BuildVerb.main of <colcon_core.verb.build.BuildVerb object at 0x725f84d189d0>>, mixin_verb=('build',))
[0.117s] Level 1:colcon.colcon_core.package_discovery:discover_packages(colcon_meta) check parameters
[0.117s] Level 1:colcon.colcon_core.package_discovery:discover_packages(recursive) check parameters
[0.117s] Level 1:colcon.colcon_core.package_discovery:discover_packages(ignore) check parameters
[0.117s] Level 1:colcon.colcon_core.package_discovery:discover_packages(path) check parameters
[0.117s] Level 1:colcon.colcon_core.package_discovery:discover_packages(colcon_meta) discover
[0.117s] Level 1:colcon.colcon_core.package_discovery:discover_packages(recursive) discover
[0.117s] INFO:colcon.colcon_core.package_discovery:Crawling recursively for packages in '/home/alves/LASER/teste/src/laser_uav_px4_api'
[0.117s] Level 1:colcon.colcon_core.package_identification:_identify(.) by extensions ['ignore', 'ignore_ament_install']
[0.118s] Level 1:colcon.colcon_core.package_identification:_identify(.) by extension 'ignore'
[0.118s] Level 1:colcon.colcon_core.package_identification:_identify(.) by extension 'ignore_ament_install'
[0.118s] Level 1:colcon.colcon_core.package_identification:_identify(.) by extensions ['colcon_pkg']
[0.118s] Level 1:colcon.colcon_core.package_identification:_identify(.) by extension 'colcon_pkg'
[0.118s] Level 1:colcon.colcon_core.package_identification:_identify(.) by extensions ['colcon_meta']
[0.118s] Level 1:colcon.colcon_core.package_identification:_identify(.) by extension 'colcon_meta'
[0.118s] Level 1:colcon.colcon_core.package_identification:_identify(.) by extensions ['ros']
[0.118s] Level 1:colcon.colcon_core.package_identification:_identify(.) by extension 'ros'
[0.129s] DEBUG:colcon.colcon_core.package_identification:Package '.' with type 'ros.ament_cmake' and name 'laser_uav_px4_api'
[0.130s] Level 1:colcon.colcon_core.package_discovery:discover_packages(recursive) using defaults
[0.130s] Level 1:colcon.colcon_core.package_discovery:discover_packages(ignore) discover
[0.130s] Level 1:colcon.colcon_core.package_discovery:discover_packages(ignore) using defaults
[0.130s] Level 1:colcon.colcon_core.package_discovery:discover_packages(path) discover
[0.130s] Level 1:colcon.colcon_core.package_discovery:discover_packages(path) using defaults
[0.148s] Level 1:colcon.colcon_core.package_discovery:discover_packages(prefix_path) check parameters
[0.148s] Level 1:colcon.colcon_core.package_discovery:discover_packages(prefix_path) discover
[0.150s] DEBUG:colcon.colcon_installed_package_information.package_discovery:Found 21 installed packages in /home/alves/laser_uav_system_ws/install
[0.151s] DEBUG:colcon.colcon_installed_package_information.package_discovery:Found 424 installed packages in /opt/ros/humble
[0.152s] Level 1:colcon.colcon_core.package_discovery:discover_packages(prefix_path) using defaults
[0.192s] Level 5:colcon.colcon_core.verb:set package 'laser_uav_px4_api' build argument 'cmake_args' from command line to 'None'
[0.192s] Level 5:colcon.colcon_core.verb:set package 'laser_uav_px4_api' build argument 'cmake_target' from command line to 'None'
[0.192s] Level 5:colcon.colcon_core.verb:set package 'laser_uav_px4_api' build argument 'cmake_target_skip_unavailable' from command line to 'False'
[0.192s] Level 5:colcon.colcon_core.verb:set package 'laser_uav_px4_api' build argument 'cmake_clean_cache' from command line to 'False'
[0.192s] Level 5:colcon.colcon_core.verb:set package 'laser_uav_px4_api' build argument 'cmake_clean_first' from command line to 'False'
[0.192s] Level 5:colcon.colcon_core.verb:set package 'laser_uav_px4_api' build argument 'cmake_force_configure' from command line to 'False'
[0.192s] Level 5:colcon.colcon_core.verb:set package 'laser_uav_px4_api' build argument 'ament_cmake_args' from command line to 'None'
[0.192s] Level 5:colcon.colcon_core.verb:set package 'laser_uav_px4_api' build argument 'catkin_cmake_args' from command line to 'None'
[0.192s] Level 5:colcon.colcon_core.verb:set package 'laser_uav_px4_api' build argument 'catkin_skip_building_tests' from command line to 'False'
[0.192s] DEBUG:colcon.colcon_core.verb:Building package 'laser_uav_px4_api' with the following arguments: {'ament_cmake_args': None, 'build_base': '/home/alves/LASER/teste/src/laser_uav_px4_api/build/laser_uav_px4_api', 'catkin_cmake_args': None, 'catkin_skip_building_tests': False, 'cmake_args': None, 'cmake_clean_cache': False, 'cmake_clean_first': False, 'cmake_force_configure': False, 'cmake_target': None, 'cmake_target_skip_unavailable': False, 'install_base': '/home/alves/LASER/teste/src/laser_uav_px4_api/install/laser_uav_px4_api', 'merge_install': False, 'path': '/home/alves/LASER/teste/src/laser_uav_px4_api', 'symlink_install': False, 'test_result_base': None}
[0.192s] INFO:colcon.colcon_core.executor:Executing jobs using 'parallel' executor
[0.193s] DEBUG:colcon.colcon_parallel_executor.executor.parallel:run_until_complete
[0.193s] INFO:colcon.colcon_ros.task.ament_cmake.build:Building ROS package in '/home/alves/LASER/teste/src/laser_uav_px4_api' with build type 'ament_cmake'
[0.194s] INFO:colcon.colcon_cmake.task.cmake.build:Building CMake package in '/home/alves/LASER/teste/src/laser_uav_px4_api'
[0.196s] INFO:colcon.colcon_core.plugin_system:Skipping extension 'colcon_core.shell.bat': Not used on non-Windows systems
[0.196s] INFO:colcon.colcon_core.shell:Skip shell extension 'powershell' for command environment: Not usable outside of PowerShell
[0.196s] DEBUG:colcon.colcon_core.shell:Skip shell extension 'dsv' for command environment
[0.203s] DEBUG:colcon.colcon_core.event_handler.log_command:Invoking command in '/home/alves/LASER/teste/src/laser_uav_px4_api/build/laser_uav_px4_api': CMAKE_PREFIX_PATH=${CMAKE_PREFIX_PATH}:/opt/ros/humble /usr/bin/cmake /home/alves/LASER/teste/src/laser_uav_px4_api -DCMAKE_INSTALL_PREFIX=/home/alves/LASER/teste/src/laser_uav_px4_api/install/laser_uav_px4_api
[1.825s] DEBUG:colcon.colcon_core.event_handler.log_command:Invoked command in '/home/alves/LASER/teste/src/laser_uav_px4_api/build/laser_uav_px4_api' returned '1': CMAKE_PREFIX_PATH=${CMAKE_PREFIX_PATH}:/opt/ros/humble /usr/bin/cmake /home/alves/LASER/teste/src/laser_uav_px4_api -DCMAKE_INSTALL_PREFIX=/home/alves/LASER/teste/src/laser_uav_px4_api/install/laser_uav_px4_api
[1.837s] Level 1:colcon.colcon_core.environment:create_environment_scripts_only(laser_uav_px4_api)
[1.841s] Level 1:colcon.colcon_core.environment:checking '/home/alves/LASER/teste/src/laser_uav_px4_api/install/laser_uav_px4_api' for CMake module files
[1.841s] Level 1:colcon.colcon_core.environment:checking '/home/alves/LASER/teste/src/laser_uav_px4_api/install/laser_uav_px4_api' for CMake config files
[1.841s] Level 1:colcon.colcon_core.environment:checking '/home/alves/LASER/teste/src/laser_uav_px4_api/install/laser_uav_px4_api/bin'
[1.841s] Level 1:colcon.colcon_core.environment:checking '/home/alves/LASER/teste/src/laser_uav_px4_api/install/laser_uav_px4_api/lib/pkgconfig/laser_uav_px4_api.pc'
[1.841s] Level 1:colcon.colcon_core.environment:checking '/home/alves/LASER/teste/src/laser_uav_px4_api/install/laser_uav_px4_api/lib/python3.10/site-packages'
[1.841s] Level 1:colcon.colcon_core.environment:checking '/home/alves/LASER/teste/src/laser_uav_px4_api/install/laser_uav_px4_api/bin'
[1.842s] INFO:colcon.colcon_core.shell:Creating package script '/home/alves/LASER/teste/src/laser_uav_px4_api/install/laser_uav_px4_api/share/laser_uav_px4_api/package.ps1'
[1.842s] INFO:colcon.colcon_core.shell:Creating package descriptor '/home/alves/LASER/teste/src/laser_uav_px4_api/install/laser_uav_px4_api/share/laser_uav_px4_api/package.dsv'
[1.843s] INFO:colcon.colcon_core.shell:Creating package script '/home/alves/LASER/teste/src/laser_uav_px4_api/install/laser_uav_px4_api/share/laser_uav_px4_api/package.sh'
[1.843s] INFO:colcon.colcon_core.shell:Creating package script '/home/alves/LASER/teste/src/laser_uav_px4_api/install/laser_uav_px4_api/share/laser_uav_px4_api/package.bash'
[1.844s] INFO:colcon.colcon_core.shell:Creating package script '/home/alves/LASER/teste/src/laser_uav_px4_api/install/laser_uav_px4_api/share/laser_uav_px4_api/package.zsh'
[1.845s] Level 1:colcon.colcon_core.environment:create_file_with_runtime_dependencies(/home/alves/LASER/teste/src/laser_uav_px4_api/install/laser_uav_px4_api/share/colcon-core/packages/laser_uav_px4_api)
[1.845s] DEBUG:colcon.colcon_parallel_executor.executor.parallel:closing loop
[1.845s] DEBUG:colcon.colcon_parallel_executor.executor.parallel:loop closed
[1.845s] DEBUG:colcon.colcon_parallel_executor.executor.parallel:run_until_complete finished with '1'
[1.845s] DEBUG:colcon.colcon_core.event_reactor:joining thread
[1.850s] INFO:colcon.colcon_core.plugin_system:Skipping extension 'colcon_notification.desktop_notification.terminal_notifier': Not used on non-Darwin systems
[1.850s] INFO:colcon.colcon_core.plugin_system:Skipping extension 'colcon_notification.desktop_notification.win32': Not used on non-Windows systems
[1.850s] INFO:colcon.colcon_notification.desktop_notification:Sending desktop notification using 'notify2'
[1.865s] DEBUG:colcon.colcon_core.event_reactor:joined thread
[1.866s] INFO:colcon.colcon_core.shell:Creating prefix script '/home/alves/LASER/teste/src/laser_uav_px4_api/install/local_setup.ps1'
[1.867s] INFO:colcon.colcon_core.shell:Creating prefix util module '/home/alves/LASER/teste/src/laser_uav_px4_api/install/_local_setup_util_ps1.py'
[1.869s] INFO:colcon.colcon_core.shell:Creating prefix chain script '/home/alves/LASER/teste/src/laser_uav_px4_api/install/setup.ps1'
[1.871s] INFO:colcon.colcon_core.shell:Creating prefix script '/home/alves/LASER/teste/src/laser_uav_px4_api/install/local_setup.sh'
[1.871s] INFO:colcon.colcon_core.shell:Creating prefix util module '/home/alves/LASER/teste/src/laser_uav_px4_api/install/_local_setup_util_sh.py'
[1.872s] INFO:colcon.colcon_core.shell:Creating prefix chain script '/home/alves/LASER/teste/src/laser_uav_px4_api/install/setup.sh'
[1.874s] INFO:colcon.colcon_core.shell:Creating prefix script '/home/alves/LASER/teste/src/laser_uav_px4_api/install/local_setup.bash'
[1.875s] INFO:colcon.colcon_core.shell:Creating prefix chain script '/home/alves/LASER/teste/src/laser_uav_px4_api/install/setup.bash'
[1.877s] INFO:colcon.colcon_core.shell:Creating prefix script '/home/alves/LASER/teste/src/laser_uav_px4_api/install/local_setup.zsh'
[1.878s] INFO:colcon.colcon_core.shell:Creating prefix chain script '/home/alves/LASER/teste/src/laser_uav_px4_api/install/setup.zsh'
