[35m[1mConsolidate compiler generated dependencies of target api_core[0m
[ 25%] [32mBuilding CXX object CMakeFiles/api_core.dir/src/api_node.cpp.o[0m
[ 50%] [32m[1mLinking CXX shared library libapi_core.so[0m
[ 50%] Built target api_core
[ 75%] [32mBuilding CXX object CMakeFiles/api.dir/src/api_main.cpp.o[0m
[100%] [32m[1mLinking CXX executable api[0m
[100%] Built target api
-- Install configuration: ""
-- Installing: /home/alves/LASER/teste/src/laser_uav_px4_api/install/laser_uav_px4_api/lib/libapi_core.so
-- Set runtime path of "/home/alves/LASER/teste/src/laser_uav_px4_api/install/laser_uav_px4_api/lib/libapi_core.so" to ""
-- Installing: /home/alves/LASER/teste/src/laser_uav_px4_api/install/laser_uav_px4_api/include/
-- Installing: /home/alves/LASER/teste/src/laser_uav_px4_api/install/laser_uav_px4_api/include//laser_uav_px4_api
-- Installing: /home/alves/LASER/teste/src/laser_uav_px4_api/install/laser_uav_px4_api/include//laser_uav_px4_api/api_node.hpp
-- Installing: /home/alves/LASER/teste/src/laser_uav_px4_api/install/laser_uav_px4_api/share/laser_uav_px4_api/launch
-- Installing: /home/alves/LASER/teste/src/laser_uav_px4_api/install/laser_uav_px4_api/share/laser_uav_px4_api/launch/api.launch.py
-- Installing: /home/alves/LASER/teste/src/laser_uav_px4_api/install/laser_uav_px4_api/share/laser_uav_px4_api/params
-- Installing: /home/alves/LASER/teste/src/laser_uav_px4_api/install/laser_uav_px4_api/share/laser_uav_px4_api/params/api.yaml
-- Installing: /home/alves/LASER/teste/src/laser_uav_px4_api/install/laser_uav_px4_api/share/ament_index/resource_index/package_run_dependencies/laser_uav_px4_api
-- Installing: /home/alves/LASER/teste/src/laser_uav_px4_api/install/laser_uav_px4_api/share/ament_index/resource_index/parent_prefix_path/laser_uav_px4_api
-- Installing: /home/alves/LASER/teste/src/laser_uav_px4_api/install/laser_uav_px4_api/share/laser_uav_px4_api/environment/ament_prefix_path.sh
-- Installing: /home/alves/LASER/teste/src/laser_uav_px4_api/install/laser_uav_px4_api/share/laser_uav_px4_api/environment/ament_prefix_path.dsv
-- Installing: /home/alves/LASER/teste/src/laser_uav_px4_api/install/laser_uav_px4_api/share/laser_uav_px4_api/environment/path.sh
-- Installing: /home/alves/LASER/teste/src/laser_uav_px4_api/install/laser_uav_px4_api/share/laser_uav_px4_api/environment/path.dsv
-- Installing: /home/alves/LASER/teste/src/laser_uav_px4_api/install/laser_uav_px4_api/share/laser_uav_px4_api/local_setup.bash
-- Installing: /home/alves/LASER/teste/src/laser_uav_px4_api/install/laser_uav_px4_api/share/laser_uav_px4_api/local_setup.sh
-- Installing: /home/alves/LASER/teste/src/laser_uav_px4_api/install/laser_uav_px4_api/share/laser_uav_px4_api/local_setup.zsh
-- Installing: /home/alves/LASER/teste/src/laser_uav_px4_api/install/laser_uav_px4_api/share/laser_uav_px4_api/local_setup.dsv
-- Installing: /home/alves/LASER/teste/src/laser_uav_px4_api/install/laser_uav_px4_api/share/laser_uav_px4_api/package.dsv
-- Installing: /home/alves/LASER/teste/src/laser_uav_px4_api/install/laser_uav_px4_api/share/ament_index/resource_index/packages/laser_uav_px4_api
-- Installing: /home/alves/LASER/teste/src/laser_uav_px4_api/install/laser_uav_px4_api/share/ament_index/resource_index/rclcpp_components/laser_uav_px4_api
-- Installing: /home/alves/LASER/teste/src/laser_uav_px4_api/install/laser_uav_px4_api/share/laser_uav_px4_api/cmake/ament_cmake_export_include_directories-extras.cmake
-- Installing: /home/alves/LASER/teste/src/laser_uav_px4_api/install/laser_uav_px4_api/share/laser_uav_px4_api/cmake/ament_cmake_export_dependencies-extras.cmake
-- Installing: /home/alves/LASER/teste/src/laser_uav_px4_api/install/laser_uav_px4_api/share/laser_uav_px4_api/cmake/laser_uav_px4_apiConfig.cmake
-- Installing: /home/alves/LASER/teste/src/laser_uav_px4_api/install/laser_uav_px4_api/share/laser_uav_px4_api/cmake/laser_uav_px4_apiConfig-version.cmake
-- Installing: /home/alves/LASER/teste/src/laser_uav_px4_api/install/laser_uav_px4_api/share/laser_uav_px4_api/package.xml
