[01m[K/home/alves/LASER/teste/src/laser_uav_px4_api/src/api_node.cpp:[m[K In member function ‘[01m[Kvoid laser_uav_px4_api::ApiNode::subRcPx4(const ManualControlSetpoint&)[m[K’:
[01m[K/home/alves/LASER/teste/src/laser_uav_px4_api/src/api_node.cpp:279:9:[m[K [01;31m[Kerror: [m[K‘[01m[Kmode_switch[m[K’ was not declared in this scope
  279 |         [01;31m[Kmode_switch[m[K = !mode_switch;
      |         [01;31m[K^~~~~~~~~~~[m[K
[01m[K/home/alves/LASER/teste/src/laser_uav_px4_api/src/api_node.cpp:[m[K In member function ‘[01m[Kvoid laser_uav_px4_api::ApiNode::tmrPubRcPx4()[m[K’:
[01m[K/home/alves/LASER/teste/src/laser_uav_px4_api/src/api_node.cpp:434:9:[m[K [01;31m[Kerror: [m[K‘[01m[Kmode_switch[m[K’ was not declared in this scope
  434 |     if ([01;31m[Kmode_switch[m[K == 1)
      |         [01;31m[K^~~~~~~~~~~[m[K
[01m[K/home/alves/LASER/teste/src/laser_uav_px4_api/src/api_node.cpp:437:22:[m[K [01;31m[Kerror: [m[K‘[01m[Kusing _position_type = struct geometry_msgs::msg::Point_<std::allocator<void> >[m[K’ {aka ‘[01m[Kstruct geometry_msgs::msg::Point_<std::allocator<void> >[m[K’} has no member named ‘[01m[Kposition[m[K’
  437 |         msg.position.[01;31m[Kposition[m[K.x = x;
      |                      [01;31m[K^~~~~~~~[m[K
[01m[K/home/alves/LASER/teste/src/laser_uav_px4_api/src/api_node.cpp:438:22:[m[K [01;31m[Kerror: [m[K‘[01m[Kusing _position_type = struct geometry_msgs::msg::Point_<std::allocator<void> >[m[K’ {aka ‘[01m[Kstruct geometry_msgs::msg::Point_<std::allocator<void> >[m[K’} has no member named ‘[01m[Kposition[m[K’
  438 |         msg.position.[01;31m[Kposition[m[K.y = y;
      |                      [01;31m[K^~~~~~~~[m[K
[01m[K/home/alves/LASER/teste/src/laser_uav_px4_api/src/api_node.cpp:439:22:[m[K [01;31m[Kerror: [m[K‘[01m[Kusing _position_type = struct geometry_msgs::msg::Point_<std::allocator<void> >[m[K’ {aka ‘[01m[Kstruct geometry_msgs::msg::Point_<std::allocator<void> >[m[K’} has no member named ‘[01m[Kposition[m[K’
  439 |         msg.position.[01;31m[Kposition[m[K.z = z;
      |                      [01;31m[K^~~~~~~~[m[K
gmake[2]: *** [CMakeFiles/api_core.dir/build.make:76: CMakeFiles/api_core.dir/src/api_node.cpp.o] Erro 1
gmake[1]: *** [CMakeFiles/Makefile2:165: CMakeFiles/api_core.dir/all] Erro 2
gmake: *** [Makefile:146: all] Erro 2
