[01m[K/home/alves/LASER/teste/src/laser_uav_px4_api/src/api_node.cpp:268:6:[m[K [01;31m[Kerror: [m[Kno declaration matches ‘[01m[Kvoid laser_uav_px4_api::ApiNode::subRcPx4(px4_msgs::msg::ManualControlSetpoint_<std::allocator<void> >::SharedPtr)[m[K’
  268 | void [01;31m[KApiNode[m[K::subRcPx4(const px4_msgs::msg::ManualControlSetpoint::SharedPtr msg)
      |      [01;31m[K^~~~~~~[m[K
In file included from [01m[K/home/alves/LASER/teste/src/laser_uav_px4_api/src/api_node.cpp:1[m[K:
[01m[K/home/alves/LASER/teste/src/laser_uav_px4_api/include/laser_uav_px4_api/api_node.hpp:66:73:[m[K [01;36m[Knote: [m[Kcandidate is: ‘[01m[Kvoid laser_uav_px4_api::ApiNode::subRcPx4(const ManualControlSetpoint&)[m[K’
   66 |   void                                                                  [01;36m[KsubRcPx4[m[K(const px4_msgs::msg::ManualControlSetpoint &msg);
      |                                                                         [01;36m[K^~~~~~~~[m[K
[01m[K/home/alves/LASER/teste/src/laser_uav_px4_api/include/laser_uav_px4_api/api_node.hpp:37:7:[m[K [01;36m[Knote: [m[K‘[01m[Kclass laser_uav_px4_api::ApiNode[m[K’ defined here
   37 | class [01;36m[KApiNode[m[K : public rclcpp_lifecycle::LifecycleNode {
      |       [01;36m[K^~~~~~~[m[K
[01m[K/home/alves/LASER/teste/src/laser_uav_px4_api/src/api_node.cpp:[m[K In member function ‘[01m[Kvoid laser_uav_px4_api::ApiNode::tmrPubRcPx4()[m[K’:
[01m[K/home/alves/LASER/teste/src/laser_uav_px4_api/src/api_node.cpp:430:13:[m[K [01;31m[Kerror: [m[K‘[01m[Kstruct laser_msgs::msg::PoseWithHeading_<std::allocator<void> >[m[K’ has no member named ‘[01m[Kpose[m[K’
  430 |         msg.[01;31m[Kpose[m[K.position.x = x;
      |             [01;31m[K^~~~[m[K
[01m[K/home/alves/LASER/teste/src/laser_uav_px4_api/src/api_node.cpp:431:13:[m[K [01;31m[Kerror: [m[K‘[01m[Kstruct laser_msgs::msg::PoseWithHeading_<std::allocator<void> >[m[K’ has no member named ‘[01m[Kpose[m[K’
  431 |         msg.[01;31m[Kpose[m[K.position.y = y;
      |             [01;31m[K^~~~[m[K
[01m[K/home/alves/LASER/teste/src/laser_uav_px4_api/src/api_node.cpp:432:13:[m[K [01;31m[Kerror: [m[K‘[01m[Kstruct laser_msgs::msg::PoseWithHeading_<std::allocator<void> >[m[K’ has no member named ‘[01m[Kpose[m[K’
  432 |         msg.[01;31m[Kpose[m[K.position.z = z;
      |             [01;31m[K^~~~[m[K
gmake[2]: *** [CMakeFiles/api_core.dir/build.make:76: CMakeFiles/api_core.dir/src/api_node.cpp.o] Erro 1
gmake[1]: *** [CMakeFiles/Makefile2:165: CMakeFiles/api_core.dir/all] Erro 2
gmake: *** [Makefile:146: all] Erro 2
