[35m[1mConsolidate compiler generated dependencies of target api_core[0m
[ 50%] Built target api_core
[35m[1mConsolidate compiler generated dependencies of target api[0m
[100%] Built target api
-- Install configuration: ""
-- Up-to-date: /home/alves/LASER/teste/src/laser_uav_px4_api/install/laser_uav_px4_api/lib/libapi_core.so
-- Up-to-date: /home/alves/LASER/teste/src/laser_uav_px4_api/install/laser_uav_px4_api/include/
-- Up-to-date: /home/alves/LASER/teste/src/laser_uav_px4_api/install/laser_uav_px4_api/include//laser_uav_px4_api
-- Up-to-date: /home/alves/LASER/teste/src/laser_uav_px4_api/install/laser_uav_px4_api/include//laser_uav_px4_api/api_node.hpp
-- Up-to-date: /home/alves/LASER/teste/src/laser_uav_px4_api/install/laser_uav_px4_api/share/laser_uav_px4_api/launch
-- Up-to-date: /home/alves/LASER/teste/src/laser_uav_px4_api/install/laser_uav_px4_api/share/laser_uav_px4_api/launch/api.launch.py
-- Up-to-date: /home/alves/LASER/teste/src/laser_uav_px4_api/install/laser_uav_px4_api/share/laser_uav_px4_api/params
-- Up-to-date: /home/alves/LASER/teste/src/laser_uav_px4_api/install/laser_uav_px4_api/share/laser_uav_px4_api/params/api.yaml
-- Up-to-date: /home/alves/LASER/teste/src/laser_uav_px4_api/install/laser_uav_px4_api/share/ament_index/resource_index/package_run_dependencies/laser_uav_px4_api
-- Up-to-date: /home/alves/LASER/teste/src/laser_uav_px4_api/install/laser_uav_px4_api/share/ament_index/resource_index/parent_prefix_path/laser_uav_px4_api
-- Up-to-date: /home/alves/LASER/teste/src/laser_uav_px4_api/install/laser_uav_px4_api/share/laser_uav_px4_api/environment/ament_prefix_path.sh
-- Up-to-date: /home/alves/LASER/teste/src/laser_uav_px4_api/install/laser_uav_px4_api/share/laser_uav_px4_api/environment/ament_prefix_path.dsv
-- Up-to-date: /home/alves/LASER/teste/src/laser_uav_px4_api/install/laser_uav_px4_api/share/laser_uav_px4_api/environment/path.sh
-- Up-to-date: /home/alves/LASER/teste/src/laser_uav_px4_api/install/laser_uav_px4_api/share/laser_uav_px4_api/environment/path.dsv
-- Up-to-date: /home/alves/LASER/teste/src/laser_uav_px4_api/install/laser_uav_px4_api/share/laser_uav_px4_api/local_setup.bash
-- Up-to-date: /home/alves/LASER/teste/src/laser_uav_px4_api/install/laser_uav_px4_api/share/laser_uav_px4_api/local_setup.sh
-- Up-to-date: /home/alves/LASER/teste/src/laser_uav_px4_api/install/laser_uav_px4_api/share/laser_uav_px4_api/local_setup.zsh
-- Up-to-date: /home/alves/LASER/teste/src/laser_uav_px4_api/install/laser_uav_px4_api/share/laser_uav_px4_api/local_setup.dsv
-- Installing: /home/alves/LASER/teste/src/laser_uav_px4_api/install/laser_uav_px4_api/share/laser_uav_px4_api/package.dsv
-- Up-to-date: /home/alves/LASER/teste/src/laser_uav_px4_api/install/laser_uav_px4_api/share/ament_index/resource_index/packages/laser_uav_px4_api
-- Up-to-date: /home/alves/LASER/teste/src/laser_uav_px4_api/install/laser_uav_px4_api/share/ament_index/resource_index/rclcpp_components/laser_uav_px4_api
-- Up-to-date: /home/alves/LASER/teste/src/laser_uav_px4_api/install/laser_uav_px4_api/share/laser_uav_px4_api/cmake/ament_cmake_export_include_directories-extras.cmake
-- Up-to-date: /home/alves/LASER/teste/src/laser_uav_px4_api/install/laser_uav_px4_api/share/laser_uav_px4_api/cmake/ament_cmake_export_dependencies-extras.cmake
-- Up-to-date: /home/alves/LASER/teste/src/laser_uav_px4_api/install/laser_uav_px4_api/share/laser_uav_px4_api/cmake/laser_uav_px4_apiConfig.cmake
-- Up-to-date: /home/alves/LASER/teste/src/laser_uav_px4_api/install/laser_uav_px4_api/share/laser_uav_px4_api/cmake/laser_uav_px4_apiConfig-version.cmake
-- Up-to-date: /home/alves/LASER/teste/src/laser_uav_px4_api/install/laser_uav_px4_api/share/laser_uav_px4_api/package.xml
