[0.011s] Invoking command in '/home/alves/LASER/teste/src/laser_uav_px4_api/build/laser_uav_px4_api': CMAKE_PREFIX_PATH=${CMAKE_PREFIX_PATH}:/opt/ros/humble /usr/bin/cmake /home/alves/LASER/teste/src/laser_uav_px4_api -DCMAKE_INSTALL_PREFIX=/home/alves/LASER/teste/src/laser_uav_px4_api/install/laser_uav_px4_api
[0.022s] -- Found ament_cmake: 1.3.12 (/opt/ros/humble/share/ament_cmake/cmake)
[0.128s] -- Found rclcpp: 16.0.14 (/opt/ros/humble/share/rclcpp/cmake)
[0.148s] -- Found rosidl_generator_c: 3.1.7 (/opt/ros/humble/share/rosidl_generator_c/cmake)
[0.149s] -- Found rosidl_adapter: 3.1.7 (/opt/ros/humble/share/rosidl_adapter/cmake)
[0.153s] -- Found rosidl_generator_cpp: 3.1.7 (/opt/ros/humble/share/rosidl_generator_cpp/cmake)
[0.159s] -- Using all available rosidl_typesupport_c: rosidl_typesupport_fastrtps_c;rosidl_typesupport_introspection_c
[0.167s] -- Using all available rosidl_typesupport_cpp: rosidl_typesupport_fastrtps_cpp;rosidl_typesupport_introspection_cpp
[0.188s] -- Found rmw_implementation_cmake: 6.1.2 (/opt/ros/humble/share/rmw_implementation_cmake/cmake)
[0.189s] -- Found rmw_cyclonedds_cpp: 1.3.4 (/opt/ros/humble/share/rmw_cyclonedds_cpp/cmake)
[0.201s] -- Using RMW implementation 'rmw_cyclonedds_cpp' as default
[0.232s] -- Found rclcpp_lifecycle: 16.0.14 (/opt/ros/humble/share/rclcpp_lifecycle/cmake)
[0.242s] -- Found rclcpp_components: 16.0.14 (/opt/ros/humble/share/rclcpp_components/cmake)
[0.253s] -- Found geometry_msgs: 4.9.0 (/opt/ros/humble/share/geometry_msgs/cmake)
[0.261s] -- Found laser_msgs: 0.0.0 (/home/alves/laser_uav_system_ws/install/laser_msgs/share/laser_msgs/cmake)
[0.270s] -- Found nav_msgs: 4.9.0 (/opt/ros/humble/share/nav_msgs/cmake)
[0.281s] -- Found sensor_msgs: 4.9.0 (/opt/ros/humble/share/sensor_msgs/cmake)
[0.291s] -- Found std_srvs: 4.9.0 (/opt/ros/humble/share/std_srvs/cmake)
[0.296s] -- Found px4_msgs: 2.0.1 (/home/alves/laser_uav_system_ws/install/px4_msgs/share/px4_msgs/cmake)
[0.311s] [31mCMake Error at CMakeLists.txt:77 (install):
[0.311s]   install TARGETS given target "px4_listener" which does not exist.
[0.311s] 
[0.311s] [0m
[0.311s] -- Found ament_lint_auto: 0.12.14 (/opt/ros/humble/share/ament_lint_auto/cmake)
[0.363s] -- Added test 'cppcheck' to perform static code analysis on C / C++ code
[0.363s] -- Configured cppcheck include dirs: /home/alves/LASER/teste/src/laser_uav_px4_api/include;/home/alves/LASER/teste/src/laser_uav_px4_api/src/include
[0.363s] -- Configured cppcheck exclude dirs and/or files: 
[0.364s] -- Added test 'flake8' to check Python code syntax and style conventions
[0.365s] -- Added test 'lint_cmake' to check CMake code style
[0.366s] -- Added test 'pep257' to check Python code against some of the docstring style conventions in PEP 257
[0.370s] -- Added test 'uncrustify' to check C / C++ code style
[0.370s] -- Configured uncrustify additional arguments: 
[0.371s] -- Added test 'xmllint' to check XML markup files
[0.372s] -- Configuring incomplete, errors occurred!
[0.372s] See also "/home/alves/LASER/teste/src/laser_uav_px4_api/build/laser_uav_px4_api/CMakeFiles/CMakeOutput.log".
[0.376s] Invoked command in '/home/alves/LASER/teste/src/laser_uav_px4_api/build/laser_uav_px4_api' returned '1': CMAKE_PREFIX_PATH=${CMAKE_PREFIX_PATH}:/opt/ros/humble /usr/bin/cmake /home/alves/LASER/teste/src/laser_uav_px4_api -DCMAKE_INSTALL_PREFIX=/home/alves/LASER/teste/src/laser_uav_px4_api/install/laser_uav_px4_api
